C:\Users\PRADEEPKUMAR R\AppData\Local\Packages\PythonSoftwareFoundation.Python.3.9_qbz5n2kfra8p0\LocalCache\local-packages\Python39\site-packages\openpyxl\worksheet\_reader.py:329: UserWarning: Data Validation extension is not supported and will be removed
  warn(msg)
TabularStrategy: no column_map for 'CONTINUATION SHEET_P1_SH 2'
TabularStrategy: no column_map for 'CONTINUATION SHEET_P1_SH 4'
TabularStrategy: no column_map for 'CONTINUATION SHEET_P1_SH 6'
TabularStrategy: no column_map for 'CONTINUATION SHEET_P2_SH 9'
TabularStrategy: no column_map for 'CONTINUATION SHEET_P2_SH 11'
TabularStrategy: no column_map for 'CONTINUATION SHEET_P2_SH 13'
C:\Users\PRADEEPKUMAR R\AppData\Local\Packages\PythonSoftwareFoundation.Python.3.9_qbz5n2kfra8p0\LocalCache\local-packages\Python39\site-packages\openpyxl\reader\workbook.py:118: UserWarning: Print area cannot be set to Defined name: 'ANNEXURE-1'!$1:$4.
  warn(f"Print area cannot be set to Defined name: {defn.value}.")
Found 17 template files
SERIAL MAP: {}
TAGS FOUND: ['AE1E100-ID', '131G0X YL 444P P'] 
ANNEXURE DATA: {}

=== 1.VEN-MEWTP-5-43-0007-3.xlsm ===
SPIR: VEN-MEWTP-5-43-0007  / 1410-00-L311-06
Format: MAIN SHEET(column_headers)
  MAIN SHEET                               role=data            layout=column_headers  cols=['item_number', 'quantity', 'description', 'dwg_no', 'part_number', 'manufacturer', 'supplier', 'material_spec', 'currency', 'unit_price', 'delivery_weeks', 'min_max', 'sap_number', 'classification', 'model']
  Validation Lists                         role=utility         layout=none            cols=[]
Rows: 112, Items: 104, Tags: 2
Coverage — tag: 104/104, model: 104/104, serial: 0/104, mfr: 104/104
  Sample row: tag='AE1E100-ID' model='AE1E100-ID/131G0X YL 444P P' serial=None mfr='Allweiler GmbH \nKirchhellener Ring 77-79, 46244 Bottrop, Germany' item=1
  Sample row: tag='AE1E100-ID' model='AE1E100-ID/131G0X YL 444P P' serial=None mfr='Allweiler GmbH \nKirchhellener Ring 77-79, 46244 Bottrop, Germany' item=2
  Sample row: tag='AE1E100-ID' model='AE1E100-ID/131G0X YL 444P P' serial=None mfr='Allweiler GmbH \nKirchhellener Ring 77-79, 46244 Bottrop, Germany' item=3
SERIAL MAP: {}
TAGS FOUND: ['MANUFACTURERS', 'SUPPLIERS DATA (SEE NOTE 5)', 'ORD-22640-002-1', 'ORD-22640-10-CV', 'ORD-22640-002-9', 'ORD-22640-100-CV', 'ORD-22640-002-14', 'ORD-22640-160-CV', 'ORD-22640-002-22 (POS.7)', 'ORD-22640-280-GT-7', 'T22  - TEST REPORT BSEN10204', 'ISO10474 2.2', 'ORD-23000-002-1', 'ORD-2300-10-CV', 'ORD-23000-002-9 (POS.13)', 'ORD-23000-110-FSS-13', 'ORD-23000-002-16', 'ORD-23000-200-CV', '32-M2-BV-0079', '14-M2-BV-0053', '14-M2-BV-0051', '14-M2-BV-0055', '13-M2-BV-0225', '31-M2-BV-0305', '24-M4-BV-0104', '24-M4-BV-0108', '24-M4-BV-0018', '12-M2-BV-0070', '12-M2-BV-0068', '12-M2-BV-0073'] ...
ANNEXURE DATA: {'ANNEXUREP1': '1519 tags', 'ANNEXUREP2': '1099 tags'}

=== 10.VEN-4460-DGEN-5-43-0301-2_1_jaSJBAS.xlsm ===
SPIR: VEN-4460-DGEN-5-43-0301
Format: MAIN SHEET_P1_SH 1(column_headers) + MAIN SHEET_P1_SH 3(column_headers) + MAIN SHEET_P1_SH 5(column_headers) + MAIN SHEET_P1_SH 7(column_headers) + MAIN SHEET_P2_SH 8(column_headers) + MAIN SHEET_P2_SH 10(column_headers) + MAIN SHEET_P2_SH 12(column_headers) + CONTINUATION SHEET_P1_SH 2(global_tag) + CONTINUATION SHEET_P1_SH 4(global_tag) + CONTINUATION SHEET_P1_SH 6(global_tag) + ANNEXURE-P1(tag_column) + CONTINUATION SHEET_P2_SH 9(global_tag) + CONTINUATION SHEET_P2_SH 11(global_tag) + CONTINUATION SHEET_P2_SH 13(global_tag) + ANNEXURE-P2(tag_column)
  MAIN SHEET_P1_SH 1                       role=data            layout=column_headers  cols=['item_number', 'quantity', 'description', 'dwg_no', 'part_number', 'manufacturer', 'supplier', 'material_spec', 'currency', 'unit_price', 'delivery_weeks', 'min_max', 'sap_number', 'classification', 'model']
  CONTINUATION SHEET_P1_SH 2               role=continuation    layout=global_tag      cols=[]
  MAIN SHEET_P1_SH 3                       role=data            layout=column_headers  cols=['item_number', 'quantity', 'description', 'dwg_no', 'part_number', 'manufacturer', 'supplier', 'material_spec', 'currency', 'unit_price', 'delivery_weeks', 'min_max', 'sap_number', 'classification', 'model']
  CONTINUATION SHEET_P1_SH 4               role=continuation    layout=global_tag      cols=[]
  MAIN SHEET_P1_SH 5                       role=data            layout=column_headers  cols=['item_number', 'quantity', 'description', 'dwg_no', 'part_number', 'manufacturer', 'supplier', 'material_spec', 'currency', 'unit_price', 'delivery_weeks', 'min_max', 'sap_number', 'classification', 'model']
  CONTINUATION SHEET_P1_SH 6               role=continuation    layout=global_tag      cols=[]
  MAIN SHEET_P1_SH 7                       role=data            layout=column_headers  cols=['item_number', 'quantity', 'description', 'dwg_no', 'part_number', 'manufacturer', 'supplier', 'material_spec', 'currency', 'unit_price', 'delivery_weeks', 'min_max', 'sap_number', 'classification', 'model']
  ANNEXURE-P1                              role=annexure        layout=tag_column      cols=['item_number', 'quantity', 'serial', 'tag']
  MAIN SHEET_P2_SH 8                       role=data            layout=column_headers  cols=['item_number', 'quantity', 'description', 'dwg_no', 'part_number', 'manufacturer', 'supplier', 'material_spec', 'currency', 'unit_price', 'delivery_weeks', 'min_max', 'sap_number', 'classification', 'model']
  CONTINUATION SHEET_P2_SH 9               role=continuation    layout=global_tag      cols=[]
  MAIN SHEET_P2_SH 10                      role=data            layout=column_headers  cols=['item_number', 'quantity', 'description', 'dwg_no', 'part_number', 'manufacturer', 'supplier', 'material_spec', 'currency', 'unit_price', 'delivery_weeks', 'min_max', 'sap_number', 'classification', 'model']
  CONTINUATION SHEET_P2_SH 11              role=continuation    layout=global_tag      cols=[]
  MAIN SHEET_P2_SH 12                      role=data            layout=column_headers  cols=['item_number', 'quantity', 'description', 'dwg_no', 'part_number', 'manufacturer', 'supplier', 'material_spec', 'currency', 'unit_price', 'delivery_weeks', 'min_max', 'sap_number', 'classification', 'model']
  CONTINUATION SHEET_P2_SH 13              role=continuation    layout=global_tag      cols=[]
  ANNEXURE-P2                              role=annexure        layout=tag_column      cols=['item_number', 'quantity', 'serial', 'tag']
  Validation Lists                         role=utility         layout=none            cols=[]
Rows: 837, Items: 798, Tags: 18
Coverage — tag: 798/798, model: 0/798, serial: 0/798, mfr: 798/798
  Sample row: tag='MANUFACTURERS' model=None serial=None mfr='JC VALVES' item=1
  Sample row: tag='MANUFACTURERS' model=None serial=None mfr='JC VALVES' item=2
  Sample row: tag='MANUFACTURERS' model=None serial=None mfr='JC VALVES' item=3
SERIAL MAP: {'68-GLV-1319': 'YDF26000', '89-BV-1259': 'YDF27000', '13-GV-3178': 'YDF28000', '13-GV-3176': 'YDF28000', '13-GV-3232': 'YDF29000', '13-GV-3233': 'YDF29000'}
TAGS FOUND: ['89-GV-1819', '68-GLV-1316', '68-GLV-1317', '68-GLV-1318', '68-GLV-1319', '89-BV-1259', '13-GV-3178', '13-GV-3176', '13-GV-3232', '13-GV-3233', '89-BV-1523', '89-BV-1289', '89-BV-1295', '89-BV-1524', '34-GV-1014', '34-GV-1015', '16-GV-1964', '16-GV-1965', '89-GLV-1145', '89-NRV-1060', '89-NRV-1061', '13-NRV-1375', '13-GV-3230', '13-GV-3231', '13-GV-3173', '13-GV-3234', '13-GV-3235', '13-GV-3238', '13-GV-3239', '13-GV-3254'] ...
ANNEXURE DATA: {}

=== 11.VEN-4391-MTY-5-43-0006-1-SPIR 4 Inches and below(2).xlsm ===
SPIR: VEN-4391-MTY-5-43-0006
Format: MAIN SHEET(VALVE 4“ and below)(column_headers) + Continuation Sheet(1)(column_headers) + Continuation Sheet(2)(column_headers) + Continuation Sheet(3)(column_headers) + Continuation Sheet(4)(column_headers) + Continuation Sheet(5)(column_headers) + Continuation Sheet(6)(column_headers)
  MAIN SHEET(VALVE 4“ and below)           role=data            layout=column_headers  cols=['item_number', 'quantity', 'description', 'dwg_no', 'part_number', 'manufacturer', 'supplier', 'material_spec', 'currency', 'unit_price', 'delivery_weeks', 'min_max', 'sap_number', 'classification', 'model']
  Continuation Sheet(1)                    role=data            layout=column_headers  cols=[]
  Continuation Sheet(2)                    role=data            layout=column_headers  cols=[]
  Continuation Sheet(3)                    role=data            layout=column_headers  cols=[]
  Continuation Sheet(4)                    role=data            layout=column_headers  cols=[]
  Continuation Sheet(5)                    role=data            layout=column_headers  cols=[]
  Continuation Sheet(6)                    role=data            layout=column_headers  cols=[]
  Validation Lists                         role=utility         layout=none            cols=[]
Rows: 402, Items: 201, Tags: 189
Coverage — tag: 201/201, model: 201/201, serial: 197/201, mfr: 201/201
C:\Users\PRADEEPKUMAR R\AppData\Local\Packages\PythonSoftwareFoundation.Python.3.9_qbz5n2kfra8p0\LocalCache\local-packages\Python39\site-packages\openpyxl\reader\workbook.py:118: UserWarning: Print area cannot be set to Defined name: #N/A.
  warn(f"Print area cannot be set to Defined name: {defn.value}.")
TabularStrategy: no column_map for 'Combined'
  Sample row: tag='89-GV-1819' model='GA1N-C95500/C63200/C95500' serial=None mfr='JIANGSU YDF VALVE CO.,LTD' item=1
  Sample row: tag='68-GLV-1316' model='GL1R-A105N/16' serial=None mfr='JIANGSU YDF VALVE CO.,LTD' item=2
  Sample row: tag='68-GLV-1317' model='GL1R-A105N/16' serial=None mfr='JIANGSU YDF VALVE CO.,LTD' item=2
SERIAL MAP: {'32-M2-DBV-0001': 'DC1483', '32-M2-DBV-0002': 'DC1484', '32-M2-DBV-0004': 'DC1485', '32-M2-DBV-0003': 'DC1486', '32-M2-DBV-0005': 'DC1487', '32-M2-DBV-0006': 'DC1488'}
TAGS FOUND: ['MANUFACTURERS', 'SUPPLIERS DATA (SEE NOTE 5)', 'VEN-4460-DGTYP-5-52-0750', 'DFS-2-X1-15-XA-08-AG-E2-3-10-BV', '32-M2-DBV-0001', '32-M2-DBV-0002', '32-M2-DBV-0004', '32-M2-DBV-0003', '32-M2-DBV-0005', '32-M2-DBV-0006', '32-M2-DBV-0007', '32-M2-DBV-0008', '32-M2-DBV-0009', '32-M2-DBV-0010', '32-M2-DBV-0011', '32-M2-DBV-0012', '32-M2-DBV-0013', '32-M2-DBV-0014', '32-M2-DBV-0015', '32-M2-DBV-0016', '32-M2-DBV-0017', '32-M2-DBV-0018', '32-M2-DBV-0019', '32-M2-DBV-0020', '32-4002-DBV-0001', '32-4002-DBV-0002', '32-4002-DBV-0003', '32-4002-DBV-0004', '32-4001-DBV-0001', '32-4001-DBV-0002'] ...
ANNEXURE DATA: {'ANNEXURE1': '365 tags', 'ANNEXURE2': '26 tags', 'ANNEXURE3': '6 tags', 'ANNEXURE4': '1 tags', 'ANNEXURE5': '10 tags', 'ANNEXURE6': '1 tags'}

=== 12.VEN-4460-DGTYP-5-43-0751-1.xlsx ===
SPIR: VEN-4460-DGTYP-5-43-0751
Format: MAIN SHEET-Normal spare (column_headers) + Annexure 1(tag_column) + Annexure 2(tag_column) + Annexure 3(tag_column) + Annexure 4(tag_column) + Annexure 5(tag_column) + Annexure 6(tag_column)
  MAIN SHEET-Normal spare                  role=data            layout=column_headers  cols=['item_number', 'quantity', 'description', 'dwg_no', 'part_number', 'manufacturer', 'supplier', 'material_spec', 'currency', 'unit_price', 'delivery_weeks', 'min_max', 'sap_number', 'classification', 'model']
  Annexure 1                               role=annexure        layout=tag_column      cols=['tag', 'description', 'manufacturer', 'serial', 'model']
  Annexure 2                               role=annexure        layout=tag_column      cols=['tag', 'description', 'manufacturer', 'serial', 'model']
  Annexure 3                               role=annexure        layout=tag_column      cols=['tag', 'description', 'manufacturer', 'serial', 'model']
  Annexure 4                               role=annexure        layout=tag_column      cols=['tag', 'description', 'manufacturer', 'serial', 'model']
  Annexure 5                               role=annexure        layout=tag_column      cols=['tag', 'description', 'manufacturer', 'serial', 'model']
  Annexure 6                               role=annexure        layout=tag_column      cols=['tag', 'description', 'manufacturer', 'serial', 'model']
Rows: 444, Items: 30, Tags: 413
Coverage — tag: 30/30, model: 0/30, serial: 0/30, mfr: 30/30
  Sample row: tag='MANUFACTURERS' model=None serial=None mfr='Astec Valves & Fittings Pvt. Ltd.' item=1
  Sample row: tag='MANUFACTURERS' model=None serial=None mfr='Astec Valves & Fittings Pvt. Ltd.' item=2
  Sample row: tag='MANUFACTURERS' model=None serial=None mfr='Astec Valves & Fittings Pvt. Ltd.' item=3
SERIAL MAP: {'32-M2-NRV-0001': 'FV2404030003', '32-M2-NRV-0002': 'FV2404030004', '32-M2-NRV-0003': 'FV2404030005', '32-M2-NRV-0004': 'FV2404030006', '32-M2-NRV-0005': 'FV2404030007', '32-M2-NRV-0006': 'FV2404030008', '32-M2-NRV-0007': 'FV2404030009', '32-M2-NRV-0008': 'FV2404030010', '14-M2-NRV-0001': 'FV2404030011', '14-M2-NRV-0002': 'FV2404030012'}
TAGS FOUND: ['32-M2-NRV-0001', '32-M2-NRV-0002', '32-M2-NRV-0003', '32-M2-NRV-0004', '32-M2-NRV-0005', '32-M2-NRV-0006', '32-M2-NRV-0007', '32-M2-NRV-0008', '14-M2-NRV-0001', '14-M2-NRV-0002', '14-M2-NRV-0003', '14-M2-NRV-0004', '12-M2-NRV-0001', '12-M2-NRV-0002', '12-M2-NRV-0003', '12-M2-NRV-0004', '12-M2-NRV-0005', '12-M2-NRV-0006', '12-M2-NRV-0007', '12-M2-NRV-0008', '12-M2-NRV-0009', '12-M2-NRV-0010', '13-M2-NRV-0001', '13-M2-NRV-0002', '13-M2-NRV-0003', '13-M2-NRV-0004', '13-M2-NRV-0005', '13-M2-NRV-0006', '13-M2-NRV-0007', '13-M2-NRV-0008'] ...
ANNEXURE DATA: {'ANNEXURE1': '105 tags', 'ANNEXURE2': '636 tags', 'ANNEXURE3': '17 tags', 'ANNEXURE4': '4 tags', 'ANNEXURE5': '16 tags', 'ANNEXURE6': '5 tags', 'ANNEXURE7': '4 tags', 'ANNEXURE8': '1 tags', 'ANNEXURE9': '2 tags', 'ANNEXURE10': '2 tags', 'ANNEXURE11': '11 tags', 'ANNEXURE12': '2 tags', 'ANNEXURE13': '1 tags', 'ANNEXURE14': '1 tags', 'ANNEXURE15': '3 tags', 'ANNEXURE16': '1 tags', 'ANNEXURE17': '2 tags', 'ANNEXURE18': '1 tags', 'ANNEXURE19': '1 tags'}

=== 13.VEN-4460-DGEN-5-43-0116-1-CHANGED.xlsm ===
SPIR: VEN-4460-DGEN-5-43-0116
Format: MAIN SHEET(column_headers) + CONTINUATION SHEET(column_headers) + ANNEXURE-1(tag_column) + ANNEXURE-2(tag_column) + ANNEXURE-3(tag_column) + ANNEXURE-4(tag_column) + ANNEXURE-5(tag_column) + ANNEXURE-6(tag_column) + ANNEXURE-7(tag_column) + ANNEXURE-8(tag_column) + ANNEXURE-9(tag_column) + ANNEXURE-10(tag_column) + ANNEXURE-11(tag_column) + ANNEXURE-12(tag_column) + ANNEXURE-13(tag_column) + ANNEXURE-14(tag_column) + ANNEXURE-15(tag_column) + ANNEXURE-16(tag_column) + ANNEXURE-17(tag_column) + ANNEXURE-18(tag_column) + ANNEXURE-19(tag_column)
  MAIN SHEET                               role=data            layout=column_headers  cols=['item_number', 'quantity', 'description', 'dwg_no', 'part_number', 'manufacturer', 'supplier', 'material_spec', 'currency', 'unit_price', 'delivery_weeks', 'min_max', 'sap_number', 'classification', 'model']
  CONTINUATION SHEET                       role=data            layout=column_headers  cols=[]
  ANNEXURE-1                               role=annexure        layout=tag_column      cols=['tag', 'manufacturer', 'model', 'serial']
  ANNEXURE-2                               role=annexure        layout=tag_column      cols=['tag', 'manufacturer', 'model', 'serial']
  ANNEXURE-3                               role=annexure        layout=tag_column      cols=['tag', 'manufacturer', 'model', 'serial']
  ANNEXURE-4                               role=annexure        layout=tag_column      cols=['tag', 'manufacturer', 'model', 'serial']
  ANNEXURE-5                               role=annexure        layout=tag_column      cols=['tag', 'manufacturer', 'model', 'serial']
  ANNEXURE-6                               role=annexure        layout=tag_column      cols=['tag', 'manufacturer', 'model', 'serial']
  ANNEXURE-7                               role=annexure        layout=tag_column      cols=['tag', 'manufacturer', 'model', 'serial']
  ANNEXURE-8                               role=annexure        layout=tag_column      cols=['tag', 'manufacturer', 'model', 'serial']
  ANNEXURE-9                               role=annexure        layout=tag_column      cols=['tag', 'manufacturer', 'model', 'serial']
  ANNEXURE-10                              role=annexure        layout=tag_column      cols=['tag', 'manufacturer', 'model', 'serial']
  ANNEXURE-11                              role=annexure        layout=tag_column      cols=['tag', 'manufacturer', 'model', 'serial']
  ANNEXURE-12                              role=annexure        layout=tag_column      cols=['tag', 'manufacturer', 'model', 'serial']
  ANNEXURE-13                              role=annexure        layout=tag_column      cols=['tag', 'manufacturer', 'model', 'serial']
  ANNEXURE-14                              role=annexure        layout=tag_column      cols=['tag', 'manufacturer', 'model', 'serial']
  ANNEXURE-15                              role=annexure        layout=tag_column      cols=['tag', 'manufacturer', 'model', 'serial']
  ANNEXURE-16                              role=annexure        layout=tag_column      cols=['tag', 'manufacturer', 'model', 'serial']
  ANNEXURE-17                              role=annexure        layout=tag_column      cols=['tag', 'manufacturer', 'model', 'serial']
  ANNEXURE-18                              role=annexure        layout=tag_column      cols=['tag', 'manufacturer', 'model', 'serial']
  ANNEXURE-19                              role=annexure        layout=tag_column      cols=['tag', 'manufacturer', 'model', 'serial']
  Validation Lists                         role=utility         layout=none            cols=[]
Rows: 1665, Items: 850, Tags: 815
Coverage — tag: 850/850, model: 850/850, serial: 850/850, mfr: 850/850
  Sample row: tag='32-M2-NRV-0001' model='06CH9R1C416R0X' serial='FV2404030003' mfr='FBV' item=1
  Sample row: tag='32-M2-NRV-0002' model='06CH9R1C416R0X' serial='FV2404030004' mfr='FBV' item=1
  Sample row: tag='32-M2-NRV-0003' model='06CH9R1C416R0X' serial='FV2404030005' mfr='FBV' item=1
SERIAL MAP: {}
TAGS FOUND: ['186-30-SB-0005', '186-30-CB-0005'] 
ANNEXURE DATA: {}

=== 14.VEN-4142-RLCSF3-2-43-1300-A.xlsx ===
SPIR: : VEN-4142-RLCSF3-2-43-1300 REV. A
Format: MAIN SHEET(column_headers)
  MAIN SHEET                               role=data            layout=column_headers  cols=['manufacturer', 'model', 'supplier', 'unit_price', 'delivery_weeks', 'quantity', 'uom', 'sap_number', 'classification']
Rows: 2, Items: 0, Tags: 2
Coverage — tag: 0/0, model: 0/0, serial: 0/0, mfr: 0/0
SERIAL MAP: {}
TAGS FOUND: [] 
ANNEXURE DATA: {}

=== 15.VEN-4142-RLCSF3-4-43-0500-A.xlsx ===
SPIR: VEN-4142-RLCSF3-4-43-0500
Format: MAIN Sheet (none)
  MAIN Sheet                               role=data            layout=none            cols=['serial', 'item_number', 'unit_price', 'delivery_weeks', 'quantity', 'uom', 'classification', 'model']
  Sheet1 (2)                               role=unknown         layout=none            cols=[]
Rows: 0, Items: 0, Tags: 0
Coverage — tag: 0/0, model: 0/0, serial: 0/0, mfr: 0/0
SERIAL MAP: {}
TAGS FOUND: ["MANUFACTURER'S MODEL", "MANUFACTURER'S SERIAL NO.", 'NO. OF UNITS', 'NO. OF PARTS PER UNITS', 'INDENT', 'ORDER REF. NO.', 'TOTAL IDENTICAL PARTS INSTALLED FOR ALL UNITS', 'DESCRIPTION OF PARTS SLOW-WEARING PARTS AND ALSO ALL PARTS RECOMMENDED TO BE KEPT IN STOCK FOR NORMAL OPERATION', 'DRAWING NUMBER', "MANUFACTURER'S  PART NO", "SUPPLIER'S   PART NO", 'MATERIAL  SPECIFICATIONS', 'REMARKS', 'RECOMMENDED BY  MANUFACTURER', 'RECOMMENDED BY', 'RECOMMENDED BY MANUFACTURER', 'UNIT PRICE EX-WORKS PACKED CURRENCY :', 'DELIVERY IN WEEKS', 'MIN SAFETY STOCK', 'UNIT OF MEASURE', 'SAP NO.', 'CLASSIFICATION OF PARTS.', 'AUTHORITY BLOCK', 'REQUIRED ON SITE DATE', 'SPIR NO.', 'EQUIPMENT', 'MANUFACTURER', 'SUPPLIER', 'DK1042-GV-106', 'DKXXX-GV-106'] ...
ANNEXURE DATA: {'ANNEXURE1': '17 tags', 'ANNEXURE2': '17 tags', 'ANNEXURE3': '6 tags', 'ANNEXURE4': '6 tags', 'ANNEXURE5': '17 tags'}

=== 16.VEN-4148-DGTYP-5-43-0003-A.xlsx ===
SPIR: VEN-4148-DGTYP-5-43-0003-A
Format: MAIN SHEET(column_headers) + SPIR REVIEW(tag_column) + ANNEXURE-1(tag_column) + ANNEXURE-2(tag_column) + ANNEXURE-3(tag_column) + ANNEXURE-4(tag_column) + ANNEXURE-5(tag_column) + Combined(global_tag)
  MAIN SHEET                               role=data            layout=column_headers  cols=['model', 'supplier', 'unit_price', 'delivery_weeks', 'quantity', 'uom', 'sap_number', 'classification']
  SPIR REVIEW                              role=data            layout=tag_column      cols=['tag', 'supplier', 'description']
  ANNEXURE-1                               role=annexure        layout=tag_column      cols=['tag', 'manufacturer', 'model', 'serial']
  ANNEXURE-2                               role=annexure        layout=tag_column      cols=['tag', 'manufacturer', 'model', 'serial']
  ANNEXURE-3                               role=annexure        layout=tag_column      cols=['item_number', 'tag', 'manufacturer', 'model', 'serial']
  ANNEXURE-4                               role=annexure        layout=tag_column      cols=['item_number', 'tag', 'manufacturer', 'model', 'serial']
  ANNEXURE-5                               role=annexure        layout=tag_column      cols=['item_number', 'tag', 'manufacturer', 'model', 'serial']
  Guidlines                                role=unknown         layout=none            cols=[]
  Combined                                 role=data            layout=global_tag      cols=[]
Rows: 92, Items: 0, Tags: 69
Coverage — tag: 0/0, model: 0/0, serial: 0/0, mfr: 0/0
SERIAL MAP: {}
TAGS FOUND: ['24-S-0044C', '31-S-0035E', '46-S-0010'] 
ANNEXURE DATA: {}

=== 17.VEN-4460-DGTYP-5-43-1202-A (SPIR 4).xlsm ===
SPIR: VEN-4460-DGTYP-5-43-1202
REV A
Format: MAIN SHEET(column_headers)
  MAIN SHEET                               role=data            layout=column_headers  cols=['item_number', 'quantity', 'description', 'dwg_no', 'part_number', 'manufacturer', 'supplier', 'material_spec', 'currency', 'unit_price', 'delivery_weeks', 'min_max', 'sap_number', 'classification', 'model']
  CONTINUATION SHEET                       role=continuation    layout=none            cols=[]
  Validation Lists                         role=utility         layout=none            cols=[]
Rows: 9, Items: 6, Tags: 3
Coverage — tag: 6/6, model: 6/6, serial: 0/6, mfr: 6/6
  Sample row: tag='24-S-0044C' model='Y STRAINER' serial=None mfr='INOXFUCINE S.P.A.' item=1
  Sample row: tag='24-S-0044C' model='Y STRAINER' serial=None mfr='INOXFUCINE S.P.A.' item=2
  Sample row: tag='31-S-0035E' model='Y STRAINER' serial=None mfr='INOXFUCINE S.P.A.' item=3
SERIAL MAP: {}
TAGS FOUND: ['PUMK-143-A-EA \nPOS 8', '9', '25', '26', '27', '30', '31', '32', '33', '34', '35', '36', '37', '38', '39', '40', 'DS-PUMK-143-A'] 
ANNEXURE DATA: {}

=== 2.4400-VP-30-00-10-053-2 TAGS COMMA SEPRATION.xlsm ===
SPIR: 4400-VP-30-00-10-053 (REV.2)
Format: MAIN SHEET(column_headers)
  MAIN SHEET                               role=data            layout=column_headers  cols=['item_number', 'quantity', 'description', 'dwg_no', 'part_number', 'manufacturer', 'supplier', 'material_spec', 'currency', 'unit_price', 'delivery_weeks', 'min_max', 'sap_number', 'classification', 'model']
  CONTINUATION SHEET                       role=continuation    layout=none            cols=[]
  Validation Lists                         role=utility         layout=none            cols=[]
Rows: 252, Items: 234, Tags: 17
Coverage — tag: 234/234, model: 0/234, serial: 0/234, mfr: 234/234
  Sample row: tag='PUMK-143-A-EA \nPos 8' model=None serial=None mfr='Firedos, SNY' item=1
  Sample row: tag='PUMK-143-A-EA \nPos 8' model=None serial=None mfr='Firedos, SNY' item=2
  Sample row: tag='PUMK-143-A-EA \nPos 8' model=None serial=None mfr='Firedos, SNY' item=3
SERIAL MAP: {}
TAGS FOUND: ['SP-127A', 'SP-127B', 'SP-127C', 'SP-1009', 'SP-1017', 'SP-1007', 'SP-016', 'SP-124'] 
ANNEXURE DATA: {}

=== 3.VEN-4391-MTY-5-43-0016-5.xlsm ===
SPIR: VEN-4391-MTY-5-43-0016
Format: MAIN SHEET(column_headers) + CONTINUATION SHEET(column_headers)
  MAIN SHEET                               role=data            layout=column_headers  cols=['item_number', 'quantity', 'description', 'dwg_no', 'part_number', 'manufacturer', 'supplier', 'material_spec', 'currency', 'unit_price', 'delivery_weeks', 'min_max', 'sap_number', 'classification', 'model']
  CONTINUATION SHEET                       role=data            layout=column_headers  cols=['manufacturer', 'supplier']
  Validation Lists                         role=utility         layout=none            cols=[]
Rows: 40, Items: 32, Tags: 8
Coverage — tag: 32/32, model: 32/32, serial: 0/32, mfr: 32/32
  Sample row: tag='SP-127A' model='Custom Make' serial=None mfr='STEDPRO ENGINEERING & MANUFACTURING LLP' item=1
  Sample row: tag='SP-127A' model='Custom Make' serial=None mfr='STEDPRO ENGINEERING & MANUFACTURING LLP' item=2
  Sample row: tag='SP-127A' model='Custom Make' serial=None mfr='STEDPRO ENGINEERING & MANUFACTURING LLP' item=3
SERIAL MAP: {}
TAGS FOUND: ['23-T-7100X', 'VEN-4460-KAHS-5-43-1002'] 
ANNEXURE DATA: {}

=== 4.VEN-4460-KAHS-5-43-1002 .xlsm ===
SPIR: VEN-4460-KAHS-5-43-1002
Format: MAIN SHEET(column_headers)
  MAIN SHEET                               role=data            layout=column_headers  cols=['item_number', 'quantity', 'description', 'dwg_no', 'part_number', 'manufacturer', 'supplier', 'material_spec', 'currency', 'unit_price', 'delivery_weeks', 'min_max', 'sap_number', 'classification', 'model']
  CONTINUATION SHEET                       role=continuation    layout=none            cols=[]
  Validation Lists                         role=utility         layout=none            cols=[]
Rows: 22, Items: 20, Tags: 2
Coverage — tag: 20/20, model: 10/20, serial: 0/20, mfr: 20/20
  Sample row: tag='23-T-7100X' model='RECOVERED OIL TANK' serial=None mfr='Arabian Industries Manufacturing LLC' item=1
  Sample row: tag='23-T-7100X' model='RECOVERED OIL TANK' serial=None mfr='Arabian Industries Manufacturing LLC' item=2
  Sample row: tag='23-T-7100X' model='RECOVERED OIL TANK' serial=None mfr='Arabian Industries Manufacturing LLC' item=3
SERIAL MAP: {}
TAGS FOUND: ['34-FCS-SC-006', 'MSC-15', 'IMB-11', 'MSC-06', 'IMB-09', '65-SC-085', 'VEN-4391-M1UT-4-59-0008', 'VEN-4391-M1UT-4-59-0009', 'BRS20-0600M2M2-STCZ99HHSESXX.X.XX', '6 PORTS IN TOTAL: 4X 10', '100BASE TX', 'RJ45', '2X 100MBIT', 'S FIBER', '1. UPLINK: 1 X 100BASE-FX', 'MM-SC', '2. UPLINK: 1 X 100BASE-FX', '2 X 12 VDC ... 24 VDC', 'DIN RAIL'] 
ANNEXURE DATA: {}

=== 5.VEN-4391-MTY-4-43-0001-0.xlsm ===
SPIR: VEN-4391-MTY-4-43-0001
Format: MAIN SHEET-1(column_headers) + CONTINUATION SHEET-1(column_headers) + MAIN SHEET-2(column_headers)
  MAIN SHEET-1                             role=data            layout=column_headers  cols=['item_number', 'quantity', 'description', 'dwg_no', 'part_number', 'manufacturer', 'supplier', 'material_spec', 'currency', 'unit_price', 'delivery_weeks', 'min_max', 'sap_number', 'classification', 'model']
  CONTINUATION SHEET-1                     role=data            layout=column_headers  cols=['item_number', 'quantity', 'description', 'dwg_no', 'part_number', 'manufacturer', 'supplier', 'material_spec', 'currency', 'unit_price', 'delivery_weeks', 'min_max', 'sap_number', 'classification', 'model']
  MAIN SHEET-2                             role=data            layout=column_headers  cols=['item_number', 'quantity', 'description', 'dwg_no', 'part_number', 'manufacturer', 'supplier', 'material_spec', 'currency', 'unit_price', 'delivery_weeks', 'min_max', 'sap_number', 'classification', 'model']
  Validation Lists                         role=utility         layout=none            cols=[]
Rows: 157, Items: 130, Tags: 19
Coverage — tag: 130/130, model: 110/130, serial: 0/130, mfr: 130/130
  Sample row: tag='34-FCS-SC-006' model='DCS SYSTEM PANEL (FREELANCE)' serial=None mfr='ABB' item=23
  Sample row: tag='34-FCS-SC-006' model='DCS SYSTEM PANEL (FREELANCE)' serial=None mfr='ABB' item=24
  Sample row: tag='MSC-15' model='DCS SYSTEM PANEL NGL-1/2 LER-41 (INFI90)' serial=None mfr='ABB' item=7
SERIAL MAP: {'26-PG-908': '240602340010,', '26-PG-909': '240602340011,', '16-PG-354': '240602340017,', '20-PG-410': '240602340018,', '20-PG-411': '240602340019,', '16-PG-356': '240602340020,'}
TAGS FOUND: ['34-PG-101', '34-PG-102', '16-PG-353', '26-PG-910', '26-PG-908', '26-PG-909', '16-PG-354', '20-PG-410', '20-PG-411', '16-PG-356', '16-PG-357', '16-PG-408', '16-PG-409', '26-PG-911', '17-PG-301', '17-PG-302', '68-PG-1977', '68-PG-1988', '68-PG-1980', '89-PG813', '68-PG-1978', '68-PG-1981', '68-PG-1982', '68-PG-1983', '68-PG-1989', '68-PG-1990', '68-PG-1991', '68-PG-1992', '68-PG-1993', '68-PG-2009'] ...
ANNEXURE DATA: {}

=== 6.VEN-4391-MTY-4-43-0030-4.xlsm ===
SPIR: VEN-4391-MTY-4-43-0030
Format: MAIN SHEET(column_headers) + CONTINUATION SHEET(column_headers) + MAIN SHEET (2)(column_headers) + CONTINUATION SHEET (2)(column_headers) + MAIN SHEET (3)(column_headers) + CONTINUATION SHEET (3)(column_headers)
  MAIN SHEET                               role=data            layout=column_headers  cols=['item_number', 'quantity', 'description', 'dwg_no', 'part_number', 'manufacturer', 'supplier', 'material_spec', 'currency', 'unit_price', 'delivery_weeks', 'min_max', 'sap_number', 'classification', 'model']
  CONTINUATION SHEET                       role=data            layout=column_headers  cols=[]
  MAIN SHEET (2)                           role=data            layout=column_headers  cols=['item_number', 'quantity', 'description', 'dwg_no', 'part_number', 'manufacturer', 'supplier', 'material_spec', 'currency', 'unit_price', 'delivery_weeks', 'min_max', 'sap_number', 'classification', 'model']
  CONTINUATION SHEET (2)                   role=data            layout=column_headers  cols=[]
  MAIN SHEET (3)                           role=data            layout=column_headers  cols=['item_number', 'quantity', 'description', 'dwg_no', 'part_number', 'manufacturer', 'supplier', 'material_spec', 'currency', 'unit_price', 'delivery_weeks', 'min_max', 'sap_number', 'classification', 'model']
  CONTINUATION SHEET (3)                   role=data            layout=column_headers  cols=[]
  Validation Lists                         role=utility         layout=none            cols=[]
Rows: 81, Items: 38, Tags: 43
Coverage — tag: 38/38, model: 38/38, serial: 0/38, mfr: 38/38
  Sample row: tag='34-PG-101' model='ITEC SS Bourdon P202 Pressure Gauge' serial=None mfr='ITEC SRL' item=1
  Sample row: tag='34-PG-101' model='ITEC SS Bourdon P202 Pressure Gauge' serial=None mfr='ITEC SRL' item=4
  Sample row: tag='34-PG-101' model='ITEC SS Bourdon P202 Pressure Gauge' serial=None mfr='ITEC SRL' item=5
SERIAL MAP: {}
TAGS FOUND: ['89-TR-001', '89-TR-002'] 
ANNEXURE DATA: {}

=== 7. VEN-4391-M4TY-2-43-0002-A (SPIR 7).xlsm ===
SPIR: VEN-4391-M4TY-2-43-0002
Format: MAIN SHEET 1(column_headers) + MAIN SHEET 2(column_headers)
  MAIN SHEET 1                             role=data            layout=column_headers  cols=['item_number', 'quantity', 'description', 'dwg_no', 'part_number', 'manufacturer', 'supplier', 'material_spec', 'currency', 'unit_price', 'delivery_weeks', 'min_max', 'sap_number', 'classification', 'model']
  MAIN SHEET 2                             role=data            layout=column_headers  cols=['item_number', 'quantity', 'description', 'dwg_no', 'part_number', 'manufacturer', 'supplier', 'material_spec', 'currency', 'unit_price', 'delivery_weeks', 'min_max', 'sap_number', 'classification', 'model']
  CONTINUATION SHEET                       role=continuation    layout=none            cols=[]
  Validation Lists                         role=utility         layout=none            cols=[]
Rows: 72, Items: 68, Tags: 2
Coverage — tag: 68/68, model: 68/68, serial: 0/68, mfr: 68/68
  Sample row: tag='89-TR-001' model='UNIGEAR ZS1' serial=None mfr='ABB CZECH REPUBLIC' item=1
  Sample row: tag='89-TR-001' model='UNIGEAR ZS1' serial=None mfr='ABB CZECH REPUBLIC' item=2
  Sample row: tag='89-TR-001' model='UNIGEAR ZS1' serial=None mfr='ABB CZECH REPUBLIC' item=3
SERIAL MAP: {}
TAGS FOUND: ['VEN-MEWTP-5-62-0001', '1410-00-D131-02\nB4', 'ASME SA 194 GR. 2H ZN-NI PLATED\nWITH PTFE  COATED', 'VEN-MEWTP-5-60-0003', '1410-00-D131-04\nB2', 'VEN-MEWTP-5-60-0005', '1410-00-D131-05\nSH.3 POS.13', 'T22  - TEST REPORT BSEN10204', 'ISO10474 2.2', 'VEN-MEWTP-5-58-0001', '1410-00-D331-03\nSH.5 POS.14'] 
ANNEXURE DATA: {}

=== 8.VEN-MEWTP-5-43-0004-4.xlsm ===
SPIR: VEN-MEWTP-5-43-0004
Format: MAIN SHEET 1(column_headers) + MAIN SHEET 2(column_headers) + MAIN SHEET 3(column_headers) + MAIN SHEET 4(column_headers)
  COVER                                    role=utility         layout=none            cols=[]
  MAIN SHEET 1                             role=data            layout=column_headers  cols=['item_number', 'quantity', 'description', 'dwg_no', 'part_number', 'manufacturer', 'supplier', 'material_spec', 'currency', 'unit_price', 'delivery_weeks', 'min_max', 'sap_number', 'classification', 'model']
  MAIN SHEET 2                             role=data            layout=column_headers  cols=['item_number', 'quantity', 'description', 'dwg_no', 'part_number', 'manufacturer', 'supplier', 'material_spec', 'currency', 'unit_price', 'delivery_weeks', 'min_max', 'sap_number', 'classification', 'model']
  MAIN SHEET 3                             role=data            layout=column_headers  cols=['item_number', 'quantity', 'description', 'dwg_no', 'part_number', 'manufacturer', 'supplier', 'material_spec', 'currency', 'unit_price', 'delivery_weeks', 'min_max', 'sap_number', 'classification', 'model']
  MAIN SHEET 4                             role=data            layout=column_headers  cols=['item_number', 'quantity', 'description', 'dwg_no', 'part_number', 'manufacturer', 'supplier', 'material_spec', 'currency', 'unit_price', 'delivery_weeks', 'min_max', 'sap_number', 'classification', 'model']
  Validation Lists                         role=utility         layout=none            cols=[]
Rows: 129, Items: 115, Tags: 11
Coverage — tag: 115/115, model: 29/115, serial: 0/115, mfr: 115/115
  Sample row: tag='VEN-MEWTP-5-62-0001' model=None serial=None mfr='UNIDRO S.R.L.' item=1
  Sample row: tag='VEN-MEWTP-5-62-0001' model=None serial=None mfr='UNIDRO S.R.L.' item=2
  Sample row: tag='VEN-MEWTP-5-62-0001' model=None serial=None mfr='UNIDRO S.R.L.' item=3
SERIAL MAP: {}
TAGS FOUND: ['P-3425 A', 'P-3425 B', 'P-1684 A', 'P-1684 B', 'P-2692 A', 'P-2692 B', 'P-2693 A', 'P-2693 B', 'P-1765 A', 'P-1765 B', '6834-P-64 A', '6834-P-64 B', 'P-2022 A', 'P-2022 B', 'P-1686 A', 'P-1686 B', '6834-P-50 A', '6834-P-50 B', '6834-P-52 A', '6834-P-52 B', '6834-P-53 A', '6834-P-53 B', '6834-P-56 A', '6834-P-56 B', '6834-P-57 A', '6834-P-57 B', '6834-P-58 A', '6834-P-58 B', '6834-P-62 A', '6834-P-62 B'] 
ANNEXURE DATA: {}

=== 9.VEN-4391-MTY-5-43-0001-REV.5_CODED COPY_1.xlsm ===
SPIR: VEN-4391-MTY-5-43-0001
Format: MAIN SHEET(column_headers) + MAIN SHEET (2)(column_headers) + MAIN SHEET (3)(column_headers) + MAIN SHEET (4)(column_headers) + MAIN SHEET (5)(column_headers) + MAIN SHEET (6)(column_headers) + MAIN SHEET (7)(column_headers) + MAIN SHEET (8)(column_headers) + MAIN SHEET (9)(none)
  MAIN SHEET                               role=data            layout=column_headers  cols=['item_number', 'quantity', 'description', 'dwg_no', 'part_number', 'manufacturer', 'supplier', 'material_spec', 'currency', 'unit_price', 'delivery_weeks', 'min_max', 'sap_number', 'classification', 'model']
  MAIN SHEET (2)                           role=data            layout=column_headers  cols=['item_number', 'quantity', 'description', 'dwg_no', 'part_number', 'manufacturer', 'supplier', 'material_spec', 'currency', 'unit_price', 'delivery_weeks', 'min_max', 'sap_number', 'classification', 'model']
  MAIN SHEET (3)                           role=data            layout=column_headers  cols=['item_number', 'quantity', 'description', 'dwg_no', 'part_number', 'manufacturer', 'supplier', 'material_spec', 'currency', 'unit_price', 'delivery_weeks', 'min_max', 'sap_number', 'classification', 'model']
  MAIN SHEET (4)                           role=data            layout=column_headers  cols=['item_number', 'quantity', 'description', 'dwg_no', 'part_number', 'manufacturer', 'supplier', 'material_spec', 'currency', 'unit_price', 'delivery_weeks', 'min_max', 'sap_number', 'classification', 'model']
  MAIN SHEET (5)                           role=data            layout=column_headers  cols=['item_number', 'quantity', 'description', 'dwg_no', 'part_number', 'manufacturer', 'supplier', 'material_spec', 'currency', 'unit_price', 'delivery_weeks', 'min_max', 'sap_number', 'classification', 'model']
  MAIN SHEET (6)                           role=data            layout=column_headers  cols=['item_number', 'quantity', 'description', 'dwg_no', 'part_number', 'manufacturer', 'supplier', 'material_spec', 'currency', 'unit_price', 'delivery_weeks', 'min_max', 'sap_number', 'classification', 'model']
  MAIN SHEET (7)                           role=data            layout=column_headers  cols=['item_number', 'quantity', 'description', 'dwg_no', 'part_number', 'manufacturer', 'supplier', 'material_spec', 'currency', 'unit_price', 'delivery_weeks', 'min_max', 'sap_number', 'classification', 'model']
  MAIN SHEET (8)                           role=data            layout=column_headers  cols=['item_number', 'quantity', 'description', 'dwg_no', 'part_number', 'manufacturer', 'supplier', 'material_spec', 'currency', 'unit_price', 'delivery_weeks', 'min_max', 'sap_number', 'classification', 'model']
  MAIN SHEET (9)                           role=data            layout=none            cols=['item_number', 'quantity', 'description', 'dwg_no', 'part_number', 'manufacturer', 'supplier', 'material_spec', 'currency', 'unit_price', 'delivery_weeks', 'min_max', 'sap_number', 'classification', 'model']
  Validation Lists                         role=utility         layout=none            cols=[]
Rows: 1097, Items: 1036, Tags: 30
Coverage — tag: 1022/1036, model: 1026/1036, serial: 0/1036, mfr: 1036/1036
  Sample row: tag='P-3425 A' model='OCVL-2X3X10H-1' serial=None mfr='SULZER PUMPS INDIA PVT. LTD.' item=1
  Sample row: tag='P-3425 A' model='OCVL-2X3X10H-1' serial=None mfr='SULZER PUMPS INDIA PVT. LTD.' item=2
  Sample row: tag='P-3425 A' model='OCVL-2X3X10H-1' serial=None mfr='SULZER PUMPS INDIA PVT. LTD.' item=3
